Base path: 'C:/Program Files/Unity/Hub/Editor/2020.1.6f1/Editor/Data', plugins path 'C:/Program Files/Unity/Hub/Editor/2020.1.6f1/Editor/Data/PlaybackEngines'
Cmd: initializeCompiler
Cmd: compileComputeKernel
  api=4 insize=95090 outsize=6816 ok=1
Cmd: compileComputeKernel
  api=4 insize=95090 outsize=2791 ok=1
Cmd: compileComputeKernel
  api=4 insize=59326 outsize=841 ok=1
Cmd: compileComputeKernel
  api=4 insize=59326 outsize=781 ok=1
Cmd: compileComputeKernel
  api=4 insize=59326 outsize=876 ok=1
Cmd: compileComputeKernel
  api=4 insize=95090 outsize=4424 ok=1
Cmd: compileComputeKernel
  api=4 insize=95090 outsize=14208 ok=1
Cmd: compileComputeKernel
  api=4 insize=12807 outsize=1469 ok=1
Cmd: compileComputeKernel
  error: 1 plat 4 at Conv.compute(824): signed/unsigned mismatch, unsigned assumed
  api=4 insize=95090 outsize=11449 ok=1
Cmd: compileComputeKernel
  api=4 insize=95090 outsize=12424 ok=1
Cmd: compileComputeKernel
  api=4 insize=59326 outsize=1847 ok=1
Cmd: compileComputeKernel
  api=4 insize=4442 outsize=1594 ok=1
Cmd: compileComputeKernel
  api=4 insize=73293 outsize=1075 ok=1
Cmd: compileComputeKernel
  api=4 insize=73293 outsize=2760 ok=1
Cmd: compileComputeKernel
  api=4 insize=73293 outsize=12704 ok=1
Cmd: compileComputeKernel
  api=4 insize=17013 outsize=2141 ok=1
Cmd: compileComputeKernel
  api=4 insize=80321 outsize=2270 ok=1
Unhandled exception: Protocol error - unexpected end of data (did the Editor crash?)

Quitting shader compiler process
